2018-04-09 03:32:18 +0000  Initial pipeline context: <IDEDistributionProcessingPipelineContext: 0x7ff8e11e24c0; archive(resolved)='<IDEArchive: 0x7ff902a84a70>', distributionTask(resolved)='2', distributionMethod(resolved)='<IDEDistributionMethodiOSEnterprise: 0x7ff9093c25a0>', team(resolved)='<IDEProvisioningBasicTeam: 0x7ff8fffacae0; teamID='D75W8X4F7B', teamName='Jiangsu Chia-tai Tianqing Pharmaceutical Co. Ltd'>'>
	Chain (11, self inclusive):
	<IDEDistributionProcessingPipelineContext: 0x7ff8e11e24c0; archive = '<IDEArchive: 0x7ff902a84a70>', distributionMethod='<IDEDistributionMethodiOSEnterprise: 0x7ff9093c25a0>', team='<IDEProvisioningBasicTeam: 0x7ff8fffacae0; teamID='D75W8X4F7B', teamName='Jiangsu Chia-tai Tianqing Pharmaceutical Co. Ltd'>'>
	<IDEDistributionProcessingPipelineContext: 0x7ff8e11c3930; archive = '<IDEArchive: 0x7ff902a84a70>', distributionMethod='<IDEDistributionMethodiOSEnterprise: 0x7ff9093c25a0>', team='<IDEProvisioningBasicTeam: 0x7ff8fffacae0; teamID='D75W8X4F7B', teamName='Jiangsu Chia-tai Tianqing Pharmaceutical Co. Ltd'>'>
	<IDEDistributionContext: 0x7ff8ff740340; archive = '<IDEArchive: 0x7ff902a84a70>', distributionMethod='<IDEDistributionMethodiOSEnterprise: 0x7ff9093c25a0>', team='<IDEProvisioningBasicTeam: 0x7ff8fffacae0; teamID='D75W8X4F7B', teamName='Jiangsu Chia-tai Tianqing Pharmaceutical Co. Ltd'>'>
	<IDEDistributionContext: 0x7ff8ff0390b0; archive = '<IDEArchive: 0x7ff902a84a70>', distributionMethod='<IDEDistributionMethodiOSEnterprise: 0x7ff9093c25a0>', team='<IDEProvisioningBasicTeam: 0x7ff8fffacae0; teamID='D75W8X4F7B', teamName='Jiangsu Chia-tai Tianqing Pharmaceutical Co. Ltd'>'>
	<IDEDistributionContext: 0x7ff8ff0bc870; archive = '<IDEArchive: 0x7ff902a84a70>', distributionMethod='<IDEDistributionMethodiOSEnterprise: 0x7ff9093c25a0>', team='<IDEProvisioningBasicTeam: 0x7ff8fffacae0; teamID='D75W8X4F7B', teamName='Jiangsu Chia-tai Tianqing Pharmaceutical Co. Ltd'>'>
	<IDEDistributionContext: 0x7ff8e4ef8670; archive = '<IDEArchive: 0x7ff902a84a70>', distributionMethod='<IDEDistributionMethodiOSEnterprise: 0x7ff9093c25a0>', team='<IDEProvisioningBasicTeam: 0x7ff8fffacae0; teamID='D75W8X4F7B', teamName='Jiangsu Chia-tai Tianqing Pharmaceutical Co. Ltd'>'>
	<IDEDistributionContext: 0x7ff8e3fca4b0; archive = '<IDEArchive: 0x7ff902a84a70>', distributionMethod='<IDEDistributionMethodiOSEnterprise: 0x7ff9093c25a0>', team='<IDEProvisioningBasicTeam: 0x7ff8fffacae0; teamID='D75W8X4F7B', teamName='Jiangsu Chia-tai Tianqing Pharmaceutical Co. Ltd'>'>
	<IDEDistributionContext: 0x7ff8ec4fa9a0; archive = '<IDEArchive: 0x7ff902a84a70>', distributionMethod='<IDEDistributionMethodiOSEnterprise: 0x7ff9093c25a0>', team='<IDEProvisioningBasicTeam: 0x7ff8fffacae0; teamID='D75W8X4F7B', teamName='Jiangsu Chia-tai Tianqing Pharmaceutical Co. Ltd'>'>
	<IDEDistributionContext: 0x7ff8edb74380; archive = '<IDEArchive: 0x7ff902a84a70>', distributionMethod='<IDEDistributionMethodiOSEnterprise: 0x7ff9093c25a0>', team='<IDEProvisioningBasicTeam: 0x7ff8fffacae0; teamID='D75W8X4F7B', teamName='Jiangsu Chia-tai Tianqing Pharmaceutical Co. Ltd'>'>
	<IDEDistributionContext: 0x7ff8e4a482b0; archive = '<IDEArchive: 0x7ff902a84a70>', distributionMethod='<IDEDistributionMethodiOSEnterprise: 0x7ff9093c25a0>', team='(null)'>
	<IDEDistributionContext: 0x7ff8e68d0f00; archive = '<IDEArchive: 0x7ff902a84a70>', distributionMethod='(null)', team='(null)'>
</IDEDistributionProcessingPipelineContext: 0x7ff8e11e24c0>
2018-04-09 03:32:18 +0000  Processing step: IDEDistributionCreateDestRootStep
2018-04-09 03:32:18 +0000  Processing step: IDEDistributionCopyItemStep
2018-04-09 03:32:18 +0000  Running /usr/bin/ditto '-V' '/Users/LuPengDa/Library/Developer/Xcode/Archives/2018-04-09/EM-PRD 2018-4-9 11.28.xcarchive/Products/Applications/EM-PRD.app' '/var/folders/xz/jy0c6krx4c185l330vsbcwcm0000gn/T/XcodeDistPipeline.xSH/Root/Payload/EM-PRD.app'
2018-04-09 03:32:18 +0000  >>> Copying /Users/LuPengDa/Library/Developer/Xcode/Archives/2018-04-09/EM-PRD 2018-4-9 11.28.xcarchive/Products/Applications/EM-PRD.app 
2018-04-09 03:32:18 +0000  copying file ./_CodeSignature/CodeResources ... 
2018-04-09 03:32:18 +0000  17559 bytes for ./_CodeSignature/CodeResources
2018-04-09 03:32:18 +0000  copying file ./CTTQIntroView.nib ... 
2018-04-09 03:32:18 +0000  1847 bytes for ./CTTQIntroView.nib
2018-04-09 03:32:18 +0000  copying file ./zh-Hans.lproj/InfoPlist.strings ... 
2018-04-09 03:32:18 +0000  42 bytes for ./zh-Hans.lproj/InfoPlist.strings
2018-04-09 03:32:18 +0000  copying file ./ExpenseAccountView.nib ... 
2018-04-09 03:32:18 +0000  11105 bytes for ./ExpenseAccountView.nib
2018-04-09 03:32:18 +0000  copying file ./en.lproj/InfoPlist.strings ... 
2018-04-09 03:32:18 +0000  42 bytes for ./en.lproj/InfoPlist.strings
2018-04-09 03:32:18 +0000  copying file ./bg_unlock@2x.jpg ... 
2018-04-09 03:32:18 +0000  97418 bytes for ./bg_unlock@2x.jpg
2018-04-09 03:32:18 +0000  copying file ./EM-page1.png ... 
2018-04-09 03:32:18 +0000  266698 bytes for ./EM-page1.png
copying file ./EM-PRD ... 
2018-04-09 03:32:18 +0000  32627088 bytes for ./EM-PRD
2018-04-09 03:32:18 +0000  copying file ./bg_login_em@2x.jpg ... 
2018-04-09 03:32:18 +0000  309633 bytes for ./bg_login_em@2x.jpg
2018-04-09 03:32:18 +0000  copying file ./EM-page2.png ... 
2018-04-09 03:32:18 +0000  230950 bytes for ./EM-page2.png
2018-04-09 03:32:18 +0000  copying file ./BCMHtml.bundle/faq_index.html ... 
2018-04-09 03:32:18 +0000  38556 bytes for ./BCMHtml.bundle/faq_index.html
2018-04-09 03:32:18 +0000  copying file ./BCMHtml.bundle/bootstrap/css/bootstrap.min.css ... 
2018-04-09 03:32:18 +0000  99990 bytes for ./BCMHtml.bundle/bootstrap/css/bootstrap.min.css
copying file ./BCMHtml.bundle/bootstrap/css/bootstrap.css ... 
2018-04-09 03:32:18 +0000  121220 bytes for ./BCMHtml.bundle/bootstrap/css/bootstrap.css
2018-04-09 03:32:18 +0000  copying file ./BCMHtml.bundle/bootstrap/css/bootstrap.css.map ... 
2018-04-09 03:32:18 +0000  245960 bytes for ./BCMHtml.bundle/bootstrap/css/bootstrap.css.map
2018-04-09 03:32:18 +0000  copying file ./BCMHtml.bundle/bootstrap/css/bootstrap-theme.css.map ... 
2018-04-09 03:32:18 +0000  38388 bytes for ./BCMHtml.bundle/bootstrap/css/bootstrap-theme.css.map
copying file ./BCMHtml.bundle/bootstrap/css/bootstrap-theme.css ... 
2018-04-09 03:32:18 +0000  14936 bytes for ./BCMHtml.bundle/bootstrap/css/bootstrap-theme.css
copying file ./BCMHtml.bundle/bootstrap/css/bootstrap-theme.min.css ... 
2018-04-09 03:32:18 +0000  13185 bytes for ./BCMHtml.bundle/bootstrap/css/bootstrap-theme.min.css
2018-04-09 03:32:18 +0000  copying file ./BCMHtml.bundle/bootstrap/js/bootstrap.js ... 
2018-04-09 03:32:18 +0000  55258 bytes for ./BCMHtml.bundle/bootstrap/js/bootstrap.js
copying file ./BCMHtml.bundle/bootstrap/js/bootstrap.min.js ... 
2018-04-09 03:32:18 +0000  29110 bytes for ./BCMHtml.bundle/bootstrap/js/bootstrap.min.js
2018-04-09 03:32:18 +0000  copying file ./BCMHtml.bundle/css/flexslider.css ... 
2018-04-09 03:32:18 +0000  5205 bytes for ./BCMHtml.bundle/css/flexslider.css
2018-04-09 03:32:18 +0000  copying file ./BCMHtml.bundle/css/animate.css ... 
2018-04-09 03:32:18 +0000  57094 bytes for ./BCMHtml.bundle/css/animate.css
copying file ./BCMHtml.bundle/css/FAQ_style.css ... 
2018-04-09 03:32:18 +0000  21048 bytes for ./BCMHtml.bundle/css/FAQ_style.css
2018-04-09 03:32:18 +0000  copying file ./BCMHtml.bundle/css/style.css ... 
2018-04-09 03:32:18 +0000  16000 bytes for ./BCMHtml.bundle/css/style.css
2018-04-09 03:32:18 +0000  copying file ./BCMHtml.bundle/js/jquery.sticky.js ... 
2018-04-09 03:32:18 +0000  2400 bytes for ./BCMHtml.bundle/js/jquery.sticky.js
2018-04-09 03:32:18 +0000  copying file ./BCMHtml.bundle/js/jquery.easing.1.3.min.js ... 
2018-04-09 03:32:18 +0000  7112 bytes for ./BCMHtml.bundle/js/jquery.easing.1.3.min.js
2018-04-09 03:32:18 +0000  copying file ./BCMHtml.bundle/js/wow.min.js ... 
2018-04-09 03:32:18 +0000  4776 bytes for ./BCMHtml.bundle/js/wow.min.js
2018-04-09 03:32:18 +0000  copying file ./BCMHtml.bundle/js/custom.js ... 
2018-04-09 03:32:18 +0000  2659 bytes for ./BCMHtml.bundle/js/custom.js
2018-04-09 03:32:18 +0000  copying file ./BCMHtml.bundle/js/jquery.mixitup.min.js ... 
2018-04-09 03:32:18 +0000  15975 bytes for ./BCMHtml.bundle/js/jquery.mixitup.min.js
2018-04-09 03:32:18 +0000  copying file ./BCMHtml.bundle/js/jquery.min.js ... 
2018-04-09 03:32:18 +0000  268381 bytes for ./BCMHtml.bundle/js/jquery.min.js
2018-04-09 03:32:18 +0000  copying file ./BCMHtml.bundle/js/jquery.flexslider-min.js ... 
2018-04-09 03:32:18 +0000  21422 bytes for ./BCMHtml.bundle/js/jquery.flexslider-min.js
2018-04-09 03:32:18 +0000  copying file ./BCMHtml.bundle/js/jquery.stellar.min.js ... 
2018-04-09 03:32:18 +0000  12597 bytes for ./BCMHtml.bundle/js/jquery.stellar.min.js
2018-04-09 03:32:18 +0000  copying file ./BCMHtml.bundle/z-index.html ... 
2018-04-09 03:32:18 +0000  25542 bytes for ./BCMHtml.bundle/z-index.html
2018-04-09 03:32:18 +0000  copying file ./BCMHtml.bundle/img/slide-bg.jpg ... 
2018-04-09 03:32:18 +0000  361702 bytes for ./BCMHtml.bundle/img/slide-bg.jpg
2018-04-09 03:32:18 +0000  copying file ./BCMHtml.bundle/img/0152.jpg ... 
2018-04-09 03:32:18 +0000  1294380 bytes for ./BCMHtml.bundle/img/0152.jpg
2018-04-09 03:32:18 +0000  copying file ./BCMHtml.bundle/img/logo2.png ... 
2018-04-09 03:32:18 +0000  4555 bytes for ./BCMHtml.bundle/img/logo2.png
2018-04-09 03:32:18 +0000  copying file ./BCMHtml.bundle/faq_index_2.html ... 
2018-04-09 03:32:18 +0000  38557 bytes for ./BCMHtml.bundle/faq_index_2.html
2018-04-09 03:32:18 +0000  copying file ./BCMHtml.bundle/icons/css/ionicons.min.css ... 
2018-04-09 03:32:18 +0000  33971 bytes for ./BCMHtml.bundle/icons/css/ionicons.min.css
copying file ./BCMHtml.bundle/icons/css/ionicons.css ... 
2018-04-09 03:32:18 +0000  38351 bytes for ./BCMHtml.bundle/icons/css/ionicons.css
2018-04-09 03:32:18 +0000  copying file ./BCMHtml.bundle/icons/fonts/ionicons.eot ... 
2018-04-09 03:32:18 +0000  86200 bytes for ./BCMHtml.bundle/icons/fonts/ionicons.eot
copying file ./BCMHtml.bundle/icons/fonts/ionicons.woff ... 
2018-04-09 03:32:18 +0000  48380 bytes for ./BCMHtml.bundle/icons/fonts/ionicons.woff
copying file ./BCMHtml.bundle/icons/fonts/ionicons.ttf ... 
2018-04-09 03:32:18 +0000  139648 bytes for ./BCMHtml.bundle/icons/fonts/ionicons.ttf
2018-04-09 03:32:18 +0000  copying file ./BCMHtml.bundle/icons/fonts/ionicons.svg ... 
2018-04-09 03:32:18 +0000  241580 bytes for ./BCMHtml.bundle/icons/fonts/ionicons.svg
2018-04-09 03:32:18 +0000  copying file ./Assets.car ... 
2018-04-09 03:32:18 +0000  1532088 bytes for ./Assets.car
2018-04-09 03:32:18 +0000  copying file ./AppIcon76x76@2x~ipad.png ... 
2018-04-09 03:32:18 +0000  4364 bytes for ./AppIcon76x76@2x~ipad.png
copying file ./LockViewController.nib ... 
2018-04-09 03:32:18 +0000  1386 bytes for ./LockViewController.nib
2018-04-09 03:32:18 +0000  copying file ./EM-PRD.plist ... 
2018-04-09 03:32:18 +0000  1167 bytes for ./EM-PRD.plist
2018-04-09 03:32:18 +0000  copying file ./bg_login_em01@2x.jpg ... 
2018-04-09 03:32:18 +0000  354299 bytes for ./bg_login_em01@2x.jpg
2018-04-09 03:32:18 +0000  copying file ./embedded.mobileprovision ... 
2018-04-09 03:32:18 +0000  17848 bytes for ./embedded.mobileprovision
copying file ./bg_login_bm@2x.jpg ... 
2018-04-09 03:32:18 +0000  252332 bytes for ./bg_login_bm@2x.jpg
copying file ./Info.plist ... 
2018-04-09 03:32:18 +0000  1659 bytes for ./Info.plist
copying file ./PkgInfo ... 
2018-04-09 03:32:18 +0000  8 bytes for ./PkgInfo
2018-04-09 03:32:18 +0000  
2018-04-09 03:32:18 +0000  
2018-04-09 03:32:18 +0000  2018-04-09 03:32:18 +0000  /usr/bin/ditto exited with 0

2018-04-09 03:32:18 +0000  2018-04-09 03:32:18 +0000  

2018-04-09 03:32:18 +0000  Processing step: IDEDistributionEmbedProfileStep
2018-04-09 03:32:18 +0000  Processing step: IDEDistributionAppThinningPlistStep
2018-04-09 03:32:18 +0000  Skipping step: IDEDistributionAppThinningPlistStep because it said so
2018-04-09 03:32:18 +0000  Processing step: IDEDistributionCompileBitcodeStep
2018-04-09 03:32:18 +0000  Skipping step: IDEDistributionCompileBitcodeStep because it said so
2018-04-09 03:32:18 +0000  Processing step: IDEDistributionCodeSlimmingStep
2018-04-09 03:32:19 +0000  Processing step: IDEDistributionCopyBCSymbolMapsStep
2018-04-09 03:32:19 +0000  Skipping step: IDEDistributionCopyBCSymbolMapsStep because it said so
2018-04-09 03:32:19 +0000  Processing step: IDEDistributionSymbolsStep
2018-04-09 03:32:19 +0000  Skipping step: IDEDistributionSymbolsStep because it said so
2018-04-09 03:32:19 +0000  Processing step: IDEDistributionAppThinningStep
2018-04-09 03:32:19 +0000  Skipping step: IDEDistributionAppThinningStep because it said so
2018-04-09 03:32:19 +0000  Processing step: IDEDistributionODRStep
2018-04-09 03:32:19 +0000  Processing step: IDEDistributionStripXattrsStep
2018-04-09 03:32:19 +0000  Running /usr/bin/xattr '-crs' '/var/folders/xz/jy0c6krx4c185l330vsbcwcm0000gn/T/XcodeDistPipeline.xSH/Root/Payload/EM-PRD.app'
2018-04-09 03:32:19 +0000  2018-04-09 03:32:19 +0000  

2018-04-09 03:32:19 +0000  /usr/bin/xattr exited with 0
2018-04-09 03:32:19 +0000  
2018-04-09 03:32:19 +0000  Processing step: IDEDistributionCodesignStep
2018-04-09 03:32:19 +0000  Entitlements for <IDEDistributionItem: 0x7ff91096a8d0 'com.cttq.EMApp' '<DVTFilePath:0x7ff9027b3510:'/Users/LuPengDa/Library/Developer/Xcode/Archives/2018-04-09/EM-PRD 2018-4-9 11.28.xcarchive/Products/Applications/EM-PRD.app'>'>: {
    "application-identifier" = "D75W8X4F7B.com.cttq.EMApp";
    "com.apple.developer.team-identifier" = D75W8X4F7B;
    "get-task-allow" = 0;
    "keychain-access-groups" =     (
        "D75W8X4F7B.com.cttq.EMApp",
        "D75W8X4F7B.com.cttq.ShareGroup"
    );
}
2018-04-09 03:32:19 +0000  Writing entitlements for <IDEDistributionItem: 0x7ff91096a8d0 'com.cttq.EMApp' '<DVTFilePath:0x7ff9027b3510:'/Users/LuPengDa/Library/Developer/Xcode/Archives/2018-04-09/EM-PRD 2018-4-9 11.28.xcarchive/Products/Applications/EM-PRD.app'>'> to: /var/folders/xz/jy0c6krx4c185l330vsbcwcm0000gn/T/XcodeDistPipeline.xSH/entitlementsgWljwA
2018-04-09 03:32:19 +0000  Running /usr/bin/codesign '-vvv' '--force' '--sign' 'DD8A4C26F773D7019CAD512746A49FD2E5AC917F' '--preserve-metadata=identifier,flags' '--entitlements' '/var/folders/xz/jy0c6krx4c185l330vsbcwcm0000gn/T/XcodeDistPipeline.xSH/entitlementsgWljwA' '/var/folders/xz/jy0c6krx4c185l330vsbcwcm0000gn/T/XcodeDistPipeline.xSH/Root/Payload/EM-PRD.app'
2018-04-09 03:32:19 +0000  /var/folders/xz/jy0c6krx4c185l330vsbcwcm0000gn/T/XcodeDistPipeline.xSH/Root/Payload/EM-PRD.app: replacing existing signature
2018-04-09 03:32:20 +0000  /var/folders/xz/jy0c6krx4c185l330vsbcwcm0000gn/T/XcodeDistPipeline.xSH/Root/Payload/EM-PRD.app: signed app bundle with Mach-O universal (armv7 arm64) [com.cttq.EMApp]
2018-04-09 03:32:20 +0000  
2018-04-09 03:32:20 +0000  2018-04-09 03:32:20 +0000  /usr/bin/codesign exited with 0

2018-04-09 03:32:20 +0000  2018-04-09 03:32:20 +0000  

2018-04-09 03:32:20 +0000  Processing step: IDEDistributionStreamingZipItemStep
2018-04-09 03:32:20 +0000  Skipping step: IDEDistributionStreamingZipItemStep because it said so
2018-04-09 03:32:20 +0000  Processing step: IDEDistributionCreateIPAStep
2018-04-09 03:32:20 +0000  Running /usr/bin/ditto '-V' '-c' '-k' '--norsrc' '/var/folders/xz/jy0c6krx4c185l330vsbcwcm0000gn/T/XcodeDistPipeline.xSH/Root' '/var/folders/xz/jy0c6krx4c185l330vsbcwcm0000gn/T/XcodeDistPipeline.xSH/Packages/EM-PRD.ipa'
2018-04-09 03:32:20 +0000  >>> Copying /var/folders/xz/jy0c6krx4c185l330vsbcwcm0000gn/T/XcodeDistPipeline.xSH/Root 
2018-04-09 03:32:20 +0000  copying file ./Payload/EM-PRD.app/_CodeSignature/CodeResources ... 
2018-04-09 03:32:20 +0000  17559 bytes for ./Payload/EM-PRD.app/_CodeSignature/CodeResources
2018-04-09 03:32:20 +0000  copying file ./Payload/EM-PRD.app/CTTQIntroView.nib ... 
2018-04-09 03:32:20 +0000  1847 bytes for ./Payload/EM-PRD.app/CTTQIntroView.nib
2018-04-09 03:32:20 +0000  copying file ./Payload/EM-PRD.app/zh-Hans.lproj/InfoPlist.strings ... 
2018-04-09 03:32:20 +0000  42 bytes for ./Payload/EM-PRD.app/zh-Hans.lproj/InfoPlist.strings
copying file ./Payload/EM-PRD.app/ExpenseAccountView.nib ... 
2018-04-09 03:32:20 +0000  11105 bytes for ./Payload/EM-PRD.app/ExpenseAccountView.nib
2018-04-09 03:32:20 +0000  copying file ./Payload/EM-PRD.app/en.lproj/InfoPlist.strings ... 
42 bytes for ./Payload/EM-PRD.app/en.lproj/InfoPlist.strings
copying file ./Payload/EM-PRD.app/bg_unlock@2x.jpg ... 
2018-04-09 03:32:20 +0000  97418 bytes for ./Payload/EM-PRD.app/bg_unlock@2x.jpg
2018-04-09 03:32:20 +0000  copying file ./Payload/EM-PRD.app/EM-page1.png ... 
2018-04-09 03:32:20 +0000  266698 bytes for ./Payload/EM-PRD.app/EM-page1.png
copying file ./Payload/EM-PRD.app/EM-PRD ... 
2018-04-09 03:32:22 +0000  32627104 bytes for ./Payload/EM-PRD.app/EM-PRD
copying file ./Payload/EM-PRD.app/bg_login_em@2x.jpg ... 
2018-04-09 03:32:23 +0000  309633 bytes for ./Payload/EM-PRD.app/bg_login_em@2x.jpg
2018-04-09 03:32:23 +0000  copying file ./Payload/EM-PRD.app/EM-page2.png ... 
2018-04-09 03:32:23 +0000  230950 bytes for ./Payload/EM-PRD.app/EM-page2.png
2018-04-09 03:32:23 +0000  copying file ./Payload/EM-PRD.app/BCMHtml.bundle/faq_index.html ... 
38556 bytes for ./Payload/EM-PRD.app/BCMHtml.bundle/faq_index.html
copying file ./Payload/EM-PRD.app/BCMHtml.bundle/bootstrap/css/bootstrap.min.css ... 
2018-04-09 03:32:23 +0000  99990 bytes for ./Payload/EM-PRD.app/BCMHtml.bundle/bootstrap/css/bootstrap.min.css
copying file ./Payload/EM-PRD.app/BCMHtml.bundle/bootstrap/css/bootstrap.css ... 
2018-04-09 03:32:23 +0000  121220 bytes for ./Payload/EM-PRD.app/BCMHtml.bundle/bootstrap/css/bootstrap.css
2018-04-09 03:32:23 +0000  copying file ./Payload/EM-PRD.app/BCMHtml.bundle/bootstrap/css/bootstrap.css.map ... 
2018-04-09 03:32:23 +0000  245960 bytes for ./Payload/EM-PRD.app/BCMHtml.bundle/bootstrap/css/bootstrap.css.map
2018-04-09 03:32:23 +0000  copying file ./Payload/EM-PRD.app/BCMHtml.bundle/bootstrap/css/bootstrap-theme.css.map ... 
2018-04-09 03:32:23 +0000  38388 bytes for ./Payload/EM-PRD.app/BCMHtml.bundle/bootstrap/css/bootstrap-theme.css.map
copying file ./Payload/EM-PRD.app/BCMHtml.bundle/bootstrap/css/bootstrap-theme.css ... 
2018-04-09 03:32:23 +0000  14936 bytes for ./Payload/EM-PRD.app/BCMHtml.bundle/bootstrap/css/bootstrap-theme.css
copying file ./Payload/EM-PRD.app/BCMHtml.bundle/bootstrap/css/bootstrap-theme.min.css ... 
2018-04-09 03:32:23 +0000  13185 bytes for ./Payload/EM-PRD.app/BCMHtml.bundle/bootstrap/css/bootstrap-theme.min.css
2018-04-09 03:32:23 +0000  copying file ./Payload/EM-PRD.app/BCMHtml.bundle/bootstrap/js/bootstrap.js ... 
2018-04-09 03:32:23 +0000  55258 bytes for ./Payload/EM-PRD.app/BCMHtml.bundle/bootstrap/js/bootstrap.js
copying file ./Payload/EM-PRD.app/BCMHtml.bundle/bootstrap/js/bootstrap.min.js ... 
2018-04-09 03:32:23 +0000  29110 bytes for ./Payload/EM-PRD.app/BCMHtml.bundle/bootstrap/js/bootstrap.min.js
copying file ./Payload/EM-PRD.app/BCMHtml.bundle/css/flexslider.css ... 
2018-04-09 03:32:23 +0000  5205 bytes for ./Payload/EM-PRD.app/BCMHtml.bundle/css/flexslider.css
2018-04-09 03:32:23 +0000  copying file ./Payload/EM-PRD.app/BCMHtml.bundle/css/animate.css ... 
57094 bytes for ./Payload/EM-PRD.app/BCMHtml.bundle/css/animate.css
copying file ./Payload/EM-PRD.app/BCMHtml.bundle/css/FAQ_style.css ... 
21048 bytes for ./Payload/EM-PRD.app/BCMHtml.bundle/css/FAQ_style.css
copying file ./Payload/EM-PRD.app/BCMHtml.bundle/css/style.css ... 
16000 bytes for ./Payload/EM-PRD.app/BCMHtml.bundle/css/style.css
copying file ./Payload/EM-PRD.app/BCMHtml.bundle/js/jquery.sticky.js ... 
2400 bytes for ./Payload/EM-PRD.app/BCMHtml.bundle/js/jquery.sticky.js
copying file ./Payload/EM-PRD.app/BCMHtml.bundle/js/jquery.easing.1.3.min.js ... 
2018-04-09 03:32:23 +0000  7112 bytes for ./Payload/EM-PRD.app/BCMHtml.bundle/js/jquery.easing.1.3.min.js
copying file ./Payload/EM-PRD.app/BCMHtml.bundle/js/wow.min.js ... 
2018-04-09 03:32:23 +0000  4776 bytes for ./Payload/EM-PRD.app/BCMHtml.bundle/js/wow.min.js
copying file ./Payload/EM-PRD.app/BCMHtml.bundle/js/custom.js ... 
2018-04-09 03:32:23 +0000  2659 bytes for ./Payload/EM-PRD.app/BCMHtml.bundle/js/custom.js
copying file ./Payload/EM-PRD.app/BCMHtml.bundle/js/jquery.mixitup.min.js ... 
2018-04-09 03:32:23 +0000  15975 bytes for ./Payload/EM-PRD.app/BCMHtml.bundle/js/jquery.mixitup.min.js
2018-04-09 03:32:23 +0000  copying file ./Payload/EM-PRD.app/BCMHtml.bundle/js/jquery.min.js ... 
2018-04-09 03:32:23 +0000  268381 bytes for ./Payload/EM-PRD.app/BCMHtml.bundle/js/jquery.min.js
2018-04-09 03:32:23 +0000  copying file ./Payload/EM-PRD.app/BCMHtml.bundle/js/jquery.flexslider-min.js ... 
2018-04-09 03:32:23 +0000  21422 bytes for ./Payload/EM-PRD.app/BCMHtml.bundle/js/jquery.flexslider-min.js
copying file ./Payload/EM-PRD.app/BCMHtml.bundle/js/jquery.stellar.min.js ... 
12597 bytes for ./Payload/EM-PRD.app/BCMHtml.bundle/js/jquery.stellar.min.js
copying file ./Payload/EM-PRD.app/BCMHtml.bundle/z-index.html ... 
2018-04-09 03:32:23 +0000  25542 bytes for ./Payload/EM-PRD.app/BCMHtml.bundle/z-index.html
2018-04-09 03:32:23 +0000  copying file ./Payload/EM-PRD.app/BCMHtml.bundle/img/slide-bg.jpg ... 
2018-04-09 03:32:23 +0000  361702 bytes for ./Payload/EM-PRD.app/BCMHtml.bundle/img/slide-bg.jpg
copying file ./Payload/EM-PRD.app/BCMHtml.bundle/img/0152.jpg ... 
2018-04-09 03:32:23 +0000  1294380 bytes for ./Payload/EM-PRD.app/BCMHtml.bundle/img/0152.jpg
2018-04-09 03:32:23 +0000  copying file ./Payload/EM-PRD.app/BCMHtml.bundle/img/logo2.png ... 
4555 bytes for ./Payload/EM-PRD.app/BCMHtml.bundle/img/logo2.png
copying file ./Payload/EM-PRD.app/BCMHtml.bundle/faq_index_2.html ... 
38557 bytes for ./Payload/EM-PRD.app/BCMHtml.bundle/faq_index_2.html
copying file ./Payload/EM-PRD.app/BCMHtml.bundle/icons/css/ionicons.min.css ... 
33971 bytes for ./Payload/EM-PRD.app/BCMHtml.bundle/icons/css/ionicons.min.css
copying file ./Payload/EM-PRD.app/BCMHtml.bundle/icons/css/ionicons.css ... 
38351 bytes for ./Payload/EM-PRD.app/BCMHtml.bundle/icons/css/ionicons.css
copying file ./Payload/EM-PRD.app/BCMHtml.bundle/icons/fonts/ionicons.eot ... 
2018-04-09 03:32:23 +0000  86200 bytes for ./Payload/EM-PRD.app/BCMHtml.bundle/icons/fonts/ionicons.eot
2018-04-09 03:32:23 +0000  copying file ./Payload/EM-PRD.app/BCMHtml.bundle/icons/fonts/ionicons.woff ... 
2018-04-09 03:32:23 +0000  48380 bytes for ./Payload/EM-PRD.app/BCMHtml.bundle/icons/fonts/ionicons.woff
copying file ./Payload/EM-PRD.app/BCMHtml.bundle/icons/fonts/ionicons.ttf ... 
2018-04-09 03:32:23 +0000  139648 bytes for ./Payload/EM-PRD.app/BCMHtml.bundle/icons/fonts/ionicons.ttf
2018-04-09 03:32:23 +0000  copying file ./Payload/EM-PRD.app/BCMHtml.bundle/icons/fonts/ionicons.svg ... 
2018-04-09 03:32:23 +0000  241580 bytes for ./Payload/EM-PRD.app/BCMHtml.bundle/icons/fonts/ionicons.svg
2018-04-09 03:32:23 +0000  copying file ./Payload/EM-PRD.app/Assets.car ... 
2018-04-09 03:32:23 +0000  1532088 bytes for ./Payload/EM-PRD.app/Assets.car
2018-04-09 03:32:23 +0000  copying file ./Payload/EM-PRD.app/AppIcon76x76@2x~ipad.png ... 
4364 bytes for ./Payload/EM-PRD.app/AppIcon76x76@2x~ipad.png
copying file ./Payload/EM-PRD.app/LockViewController.nib ... 
1386 bytes for ./Payload/EM-PRD.app/LockViewController.nib
copying file ./Payload/EM-PRD.app/EM-PRD.plist ... 
1167 bytes for ./Payload/EM-PRD.app/EM-PRD.plist
2018-04-09 03:32:23 +0000  copying file ./Payload/EM-PRD.app/bg_login_em01@2x.jpg ... 
2018-04-09 03:32:23 +0000  354299 bytes for ./Payload/EM-PRD.app/bg_login_em01@2x.jpg
2018-04-09 03:32:23 +0000  copying file ./Payload/EM-PRD.app/embedded.mobileprovision ... 
7688 bytes for ./Payload/EM-PRD.app/embedded.mobileprovision
copying file ./Payload/EM-PRD.app/bg_login_bm@2x.jpg ... 
2018-04-09 03:32:23 +0000  252332 bytes for ./Payload/EM-PRD.app/bg_login_bm@2x.jpg
copying file ./Payload/EM-PRD.app/Info.plist ... 
2018-04-09 03:32:23 +0000  1659 bytes for ./Payload/EM-PRD.app/Info.plist
copying file ./Payload/EM-PRD.app/PkgInfo ... 
8 bytes for ./Payload/EM-PRD.app/PkgInfo
2018-04-09 03:32:23 +0000  
2018-04-09 03:32:23 +0000  
2018-04-09 03:32:23 +0000  /usr/bin/ditto exited with 0
2018-04-09 03:32:23 +0000  2018-04-09 03:32:23 +0000  

2018-04-09 03:32:23 +0000  Processing step: IDEDistributionCreateManifestStep
